[14:05:27] [Client thread/INFO]: Setting user: Player677
[14:05:52] [Client thread/WARN]: Skipping bad option: lastServer:
[14:05:52] [Client thread/INFO]: LWJGL Version: 2.9.2
[14:06:06] [Client thread/INFO]: Reloading ResourceManager: Default, FMLFileResourcePack:Forge Mod Loader, FMLFileResourcePack:Minecraft Forge, FMLFileResourcePack:§l§n§4More Redstone Mod!!!§r
[14:06:13] [Sound Library Loader/INFO]: Starting up SoundSystem...
[14:06:14] [Thread-6/INFO]: Initializing LWJGL OpenAL
[14:06:14] [Thread-6/INFO]: (The LWJGL binding of OpenAL.  For more information, see http://www.lwjgl.org)
[14:06:14] [Thread-6/INFO]: OpenAL initialized.
[14:06:14] [Sound Library Loader/INFO]: Sound engine started
[14:06:22] [Client thread/INFO]: Created: 16x16 textures-atlas
[14:06:25] [Client thread/INFO]: Reloading ResourceManager: Default, FMLFileResourcePack:Forge Mod Loader, FMLFileResourcePack:Minecraft Forge, FMLFileResourcePack:§l§n§4More Redstone Mod!!!§r
[14:06:27] [Client thread/INFO]: SoundSystem shutting down...
[14:06:28] [Client thread/WARN]: Author: Paul Lamb, www.paulscode.com
[14:06:28] [Sound Library Loader/INFO]: Starting up SoundSystem...
[14:06:28] [Thread-8/INFO]: Initializing LWJGL OpenAL
[14:06:28] [Thread-8/INFO]: (The LWJGL binding of OpenAL.  For more information, see http://www.lwjgl.org)
[14:06:28] [Thread-8/INFO]: OpenAL initialized.
[14:06:28] [Sound Library Loader/INFO]: Sound engine started
[14:06:33] [Client thread/INFO]: Created: 512x512 textures-atlas
[14:06:37] [Client thread/WARN]: Skipping bad option: lastServer:
[14:06:37] [Client thread/ERROR]: ########## GL ERROR ##########
[14:06:37] [Client thread/ERROR]: @ Post startup
[14:06:37] [Client thread/ERROR]: 1281: Invalid value
[14:06:40] [Realms Notification Availability checker #1/INFO]: Could not authorize you against Realms server: Invalid session id
[14:06:47] [Server thread/INFO]: Starting integrated minecraft server version 1.11.2
[14:06:47] [Server thread/INFO]: Generating keypair
[14:06:49] [Server thread/INFO]: Preparing start region for level 0
[14:06:51] [Server thread/INFO]: Preparing spawn area: 0%
[14:06:52] [Server thread/INFO]: Preparing spawn area: 8%
[14:06:53] [Server thread/INFO]: Preparing spawn area: 36%
[14:06:54] [Server thread/INFO]: Preparing spawn area: 59%
[14:06:55] [Server thread/INFO]: Preparing spawn area: 86%
[14:06:56] [Server thread/INFO]: Changing view distance to 8, from 10
[14:06:58] [Server thread/INFO]: Player677[local:E:221b1aef] logged in with entity id 332 at (176.39748535694545, 80.65767136311594, 350.2353357708533)
[14:06:58] [Server thread/INFO]: Player677 joined the game
[14:07:01] [Server thread/INFO]: Saving and pausing game...
[14:07:01] [Server thread/INFO]: Saving chunks for level 'aah testing...'/Overworld
[14:07:02] [Server thread/INFO]: Saving chunks for level 'aah testing...'/Nether
[14:07:02] [Server thread/INFO]: Saving chunks for level 'aah testing...'/The End
[14:07:04] [pool-2-thread-1/WARN]: Couldn't look up profile properties for com.mojang.authlib.GameProfile@1fa22a71[id=752a0b44-017a-3fb3-b7fd-a355ab650513,name=Player677,properties={},legacy=false]
com.mojang.authlib.exceptions.AuthenticationException: The client has sent too many requests within a certain amount of time
	at com.mojang.authlib.yggdrasil.YggdrasilAuthenticationService.makeRequest(YggdrasilAuthenticationService.java:79) ~[YggdrasilAuthenticationService.class:?]
	at com.mojang.authlib.yggdrasil.YggdrasilMinecraftSessionService.fillGameProfile(YggdrasilMinecraftSessionService.java:180) [YggdrasilMinecraftSessionService.class:?]
	at com.mojang.authlib.yggdrasil.YggdrasilMinecraftSessionService$1.load(YggdrasilMinecraftSessionService.java:60) [YggdrasilMinecraftSessionService$1.class:?]
	at com.mojang.authlib.yggdrasil.YggdrasilMinecraftSessionService$1.load(YggdrasilMinecraftSessionService.java:57) [YggdrasilMinecraftSessionService$1.class:?]
	at com.google.common.cache.LocalCache$LoadingValueReference.loadFuture(LocalCache.java:3524) [guava-17.0.jar:?]
	at com.google.common.cache.LocalCache$Segment.loadSync(LocalCache.java:2317) [guava-17.0.jar:?]
	at com.google.common.cache.LocalCache$Segment.lockedGetOrLoad(LocalCache.java:2280) [guava-17.0.jar:?]
	at com.google.common.cache.LocalCache$Segment.get(LocalCache.java:2195) [guava-17.0.jar:?]
	at com.google.common.cache.LocalCache.get(LocalCache.java:3934) [guava-17.0.jar:?]
	at com.google.common.cache.LocalCache.getOrLoad(LocalCache.java:3938) [guava-17.0.jar:?]
	at com.google.common.cache.LocalCache$LocalLoadingCache.get(LocalCache.java:4821) [guava-17.0.jar:?]
	at com.google.common.cache.LocalCache$LocalLoadingCache.getUnchecked(LocalCache.java:4827) [guava-17.0.jar:?]
	at com.mojang.authlib.yggdrasil.YggdrasilMinecraftSessionService.fillProfileProperties(YggdrasilMinecraftSessionService.java:170) [YggdrasilMinecraftSessionService.class:?]
	at net.minecraft.client.Minecraft.getProfileProperties(Minecraft.java:3056) [Minecraft.class:?]
	at net.minecraft.client.resources.SkinManager$3.run(SkinManager.java:138) [SkinManager$3.class:?]
	at java.util.concurrent.Executors$RunnableAdapter.call(Executors.java:511) [?:1.8.0_66]
	at java.util.concurrent.FutureTask.run(FutureTask.java:266) [?:1.8.0_66]
	at java.util.concurrent.ThreadPoolExecutor.runWorker(ThreadPoolExecutor.java:1142) [?:1.8.0_66]
	at java.util.concurrent.ThreadPoolExecutor$Worker.run(ThreadPoolExecutor.java:617) [?:1.8.0_66]
	at java.lang.Thread.run(Thread.java:745) [?:1.8.0_66]
[14:07:06] [Server thread/WARN]: Can't keep up! Did the system time change, or is the server overloaded? Running 7571ms behind, skipping 151 tick(s)
[14:07:15] [Server thread/INFO]: Saving and pausing game...
[14:07:15] [Server thread/INFO]: Saving chunks for level 'aah testing...'/Overworld
[14:07:15] [Server thread/INFO]: Saving chunks for level 'aah testing...'/Nether
[14:07:16] [Server thread/INFO]: Saving chunks for level 'aah testing...'/The End
[14:07:28] [Server thread/WARN]: Can't keep up! Did the system time change, or is the server overloaded? Running 2663ms behind, skipping 53 tick(s)
[14:07:40] [Server thread/INFO]: Saving and pausing game...
[14:07:40] [Server thread/INFO]: Saving chunks for level 'aah testing...'/Overworld
[14:07:41] [Server thread/INFO]: Saving chunks for level 'aah testing...'/Nether
[14:07:41] [Server thread/INFO]: Saving chunks for level 'aah testing...'/The End
[14:07:41] [Server thread/INFO]: Stopping server
[14:07:41] [Server thread/INFO]: Saving players
[14:07:41] [Server thread/INFO]: Player677 lost connection: TextComponent{text='Disconnected', siblings=[], style=Style{hasParent=false, color=null, bold=null, italic=null, underlined=null, obfuscated=null, clickEvent=null, hoverEvent=null, insertion=null}}
[14:07:41] [Server thread/INFO]: Player677 left the game
[14:07:41] [Server thread/INFO]: Stopping singleplayer server as player logged out
[14:07:41] [Server thread/INFO]: Saving worlds
[14:07:41] [Server thread/INFO]: Saving chunks for level 'aah testing...'/Overworld
[14:07:41] [Server thread/INFO]: Saving chunks for level 'aah testing...'/Nether
[14:07:41] [Server thread/INFO]: Saving chunks for level 'aah testing...'/The End
[14:07:46] [Client thread/INFO]: Stopping!
[14:07:46] [Client thread/INFO]: SoundSystem shutting down...
[14:07:46] [Client thread/WARN]: Author: Paul Lamb, www.paulscode.com
