[15:36:19] [Client thread/INFO]: Setting user: Johnr1227
[15:36:37] [Client thread/WARN]: Skipping bad option: lastServer:
[15:36:37] [Client thread/INFO]: LWJGL Version: 2.9.2
[15:36:48] [Client thread/INFO]: Reloading ResourceManager: Default, FMLFileResourcePack:Forge Mod Loader, FMLFileResourcePack:Minecraft Forge, FMLFileResourcePack:§l§n§4More Minerals Mod!!!§r
[15:36:54] [Sound Library Loader/INFO]: Starting up SoundSystem...
[15:36:55] [Thread-6/INFO]: Initializing LWJGL OpenAL
[15:36:55] [Thread-6/INFO]: (The LWJGL binding of OpenAL.  For more information, see http://www.lwjgl.org)
[15:36:55] [Thread-6/INFO]: OpenAL initialized.
[15:36:55] [Sound Library Loader/INFO]: Sound engine started
[15:37:04] [Client thread/INFO]: Created: 16x16 textures-atlas
[15:37:06] [Client thread/INFO]: [STDOUT]: Client Proxy Initialized!
[15:37:07] [Client thread/INFO]: [STDOUT]: 0: concrete_white has been registered!!!
[15:37:07] [Client thread/INFO]: [STDOUT]: 1: concrete_orange has been registered!!!
[15:37:07] [Client thread/INFO]: [STDOUT]: 2: concrete_magenta has been registered!!!
[15:37:07] [Client thread/INFO]: [STDOUT]: 3: concrete_light_blue has been registered!!!
[15:37:07] [Client thread/INFO]: [STDOUT]: 4: concrete_yellow has been registered!!!
[15:37:07] [Client thread/INFO]: [STDOUT]: 5: concrete_lime has been registered!!!
[15:37:07] [Client thread/INFO]: [STDOUT]: 6: concrete_pink has been registered!!!
[15:37:07] [Client thread/INFO]: [STDOUT]: 7: concrete_gray has been registered!!!
[15:37:07] [Client thread/INFO]: [STDOUT]: 8: concrete_light_gray has been registered!!!
[15:37:07] [Client thread/INFO]: [STDOUT]: 9: concrete_cyan has been registered!!!
[15:37:07] [Client thread/INFO]: [STDOUT]: 10: concrete_purple has been registered!!!
[15:37:07] [Client thread/INFO]: [STDOUT]: 11: concrete_blue has been registered!!!
[15:37:07] [Client thread/INFO]: [STDOUT]: 12: concrete_brown has been registered!!!
[15:37:07] [Client thread/INFO]: [STDOUT]: 13: concrete_green has been registered!!!
[15:37:07] [Client thread/INFO]: [STDOUT]: 14: concrete_red has been registered!!!
[15:37:07] [Client thread/INFO]: [STDOUT]: 15: concrete_black has been registered!!!
[15:37:07] [Client thread/INFO]: [STDOUT]: 0: concrete_item_white has been registered!!!
[15:37:07] [Client thread/INFO]: [STDOUT]: 1: concrete_item_orange has been registered!!!
[15:37:07] [Client thread/INFO]: [STDOUT]: 2: concrete_item_magenta has been registered!!!
[15:37:07] [Client thread/INFO]: [STDOUT]: 3: concrete_item_light_blue has been registered!!!
[15:37:07] [Client thread/INFO]: [STDOUT]: 4: concrete_item_yellow has been registered!!!
[15:37:07] [Client thread/INFO]: [STDOUT]: 5: concrete_item_lime has been registered!!!
[15:37:07] [Client thread/INFO]: [STDOUT]: 6: concrete_item_pink has been registered!!!
[15:37:07] [Client thread/INFO]: [STDOUT]: 7: concrete_item_gray has been registered!!!
[15:37:07] [Client thread/INFO]: [STDOUT]: 8: concrete_item_light_gray has been registered!!!
[15:37:07] [Client thread/INFO]: [STDOUT]: 9: concrete_item_cyan has been registered!!!
[15:37:07] [Client thread/INFO]: [STDOUT]: 10: concrete_item_purple has been registered!!!
[15:37:07] [Client thread/INFO]: [STDOUT]: 11: concrete_item_blue has been registered!!!
[15:37:07] [Client thread/INFO]: [STDOUT]: 12: concrete_item_brown has been registered!!!
[15:37:07] [Client thread/INFO]: [STDOUT]: 13: concrete_item_green has been registered!!!
[15:37:07] [Client thread/INFO]: [STDOUT]: 14: concrete_item_red has been registered!!!
[15:37:07] [Client thread/INFO]: [STDOUT]: 15: concrete_item_black has been registered!!!
[15:37:07] [Client thread/INFO]: Reloading ResourceManager: Default, FMLFileResourcePack:Forge Mod Loader, FMLFileResourcePack:Minecraft Forge, FMLFileResourcePack:§l§n§4More Minerals Mod!!!§r
[15:37:10] [Client thread/INFO]: SoundSystem shutting down...
[15:37:11] [Client thread/WARN]: Author: Paul Lamb, www.paulscode.com
[15:37:11] [Sound Library Loader/INFO]: Starting up SoundSystem...
[15:37:11] [Thread-8/INFO]: Initializing LWJGL OpenAL
[15:37:11] [Thread-8/INFO]: (The LWJGL binding of OpenAL.  For more information, see http://www.lwjgl.org)
[15:37:11] [Thread-8/INFO]: OpenAL initialized.
[15:37:11] [Sound Library Loader/INFO]: Sound engine started
[15:37:16] [Client thread/INFO]: Created: 512x512 textures-atlas
[15:37:21] [Client thread/WARN]: Skipping bad option: lastServer:
[15:37:21] [Client thread/ERROR]: ########## GL ERROR ##########
[15:37:21] [Client thread/ERROR]: @ Post startup
[15:37:21] [Client thread/ERROR]: 1281: Invalid value
[15:37:24] [Realms Notification Availability checker #1/INFO]: Could not authorize you against Realms server: Invalid session id
[15:37:31] [Server thread/INFO]: Starting integrated minecraft server version 1.11.2
[15:37:31] [Server thread/INFO]: Generating keypair
[15:37:38] [Server thread/INFO]: Preparing start region for level 0
[15:37:42] [Server thread/INFO]: Preparing spawn area: 0%
[15:37:43] [Server thread/INFO]: Preparing spawn area: 7%
[15:37:44] [Server thread/INFO]: Preparing spawn area: 37%
[15:37:45] [Server thread/INFO]: Preparing spawn area: 64%
[15:37:46] [Server thread/INFO]: Preparing spawn area: 80%
[15:37:51] [Server thread/INFO]: Johnr1227[local:E:831f8828] logged in with entity id 152 at (331.40119631182665, 72.61325950580905, 290.2322343012497)
[15:37:51] [Server thread/INFO]: Johnr1227 joined the game
[15:37:54] [Server thread/WARN]: Can't keep up! Did the system time change, or is the server overloaded? Running 4258ms behind, skipping 85 tick(s)
[15:37:57] [Server thread/INFO]: Saving and pausing game...
[15:37:57] [Server thread/INFO]: Saving chunks for level 'Screenshots'/Overworld
[15:37:58] [Server thread/INFO]: Saving chunks for level 'Screenshots'/Nether
[15:37:58] [Server thread/INFO]: Saving chunks for level 'Screenshots'/The End
[15:38:01] [Server thread/INFO]: Saving and pausing game...
[15:38:01] [Server thread/INFO]: Saving chunks for level 'Screenshots'/Overworld
[15:38:01] [pool-2-thread-1/WARN]: Couldn't look up profile properties for com.mojang.authlib.GameProfile@2b9990d7[id=d1efef13-87dd-334e-a44c-29551a7c1d82,name=Johnr1227,properties={},legacy=false]
com.mojang.authlib.exceptions.AuthenticationException: The client has sent too many requests within a certain amount of time
	at com.mojang.authlib.yggdrasil.YggdrasilAuthenticationService.makeRequest(YggdrasilAuthenticationService.java:79) ~[YggdrasilAuthenticationService.class:?]
	at com.mojang.authlib.yggdrasil.YggdrasilMinecraftSessionService.fillGameProfile(YggdrasilMinecraftSessionService.java:180) [YggdrasilMinecraftSessionService.class:?]
	at com.mojang.authlib.yggdrasil.YggdrasilMinecraftSessionService$1.load(YggdrasilMinecraftSessionService.java:60) [YggdrasilMinecraftSessionService$1.class:?]
	at com.mojang.authlib.yggdrasil.YggdrasilMinecraftSessionService$1.load(YggdrasilMinecraftSessionService.java:57) [YggdrasilMinecraftSessionService$1.class:?]
	at com.google.common.cache.LocalCache$LoadingValueReference.loadFuture(LocalCache.java:3524) [guava-17.0.jar:?]
	at com.google.common.cache.LocalCache$Segment.loadSync(LocalCache.java:2317) [guava-17.0.jar:?]
	at com.google.common.cache.LocalCache$Segment.lockedGetOrLoad(LocalCache.java:2280) [guava-17.0.jar:?]
	at com.google.common.cache.LocalCache$Segment.get(LocalCache.java:2195) [guava-17.0.jar:?]
	at com.google.common.cache.LocalCache.get(LocalCache.java:3934) [guava-17.0.jar:?]
	at com.google.common.cache.LocalCache.getOrLoad(LocalCache.java:3938) [guava-17.0.jar:?]
	at com.google.common.cache.LocalCache$LocalLoadingCache.get(LocalCache.java:4821) [guava-17.0.jar:?]
	at com.google.common.cache.LocalCache$LocalLoadingCache.getUnchecked(LocalCache.java:4827) [guava-17.0.jar:?]
	at com.mojang.authlib.yggdrasil.YggdrasilMinecraftSessionService.fillProfileProperties(YggdrasilMinecraftSessionService.java:170) [YggdrasilMinecraftSessionService.class:?]
	at net.minecraft.client.Minecraft.getProfileProperties(Minecraft.java:3056) [Minecraft.class:?]
	at net.minecraft.client.resources.SkinManager$3.run(SkinManager.java:138) [SkinManager$3.class:?]
	at java.util.concurrent.Executors$RunnableAdapter.call(Executors.java:511) [?:1.8.0_66]
	at java.util.concurrent.FutureTask.run(FutureTask.java:266) [?:1.8.0_66]
	at java.util.concurrent.ThreadPoolExecutor.runWorker(ThreadPoolExecutor.java:1142) [?:1.8.0_66]
	at java.util.concurrent.ThreadPoolExecutor$Worker.run(ThreadPoolExecutor.java:617) [?:1.8.0_66]
	at java.lang.Thread.run(Thread.java:745) [?:1.8.0_66]
[15:38:02] [Server thread/INFO]: Saving chunks for level 'Screenshots'/Nether
[15:38:02] [Server thread/INFO]: Saving chunks for level 'Screenshots'/The End
[15:42:30] [Server thread/WARN]: Can't keep up! Did the system time change, or is the server overloaded? Running 2127ms behind, skipping 42 tick(s)
[15:42:49] [Server thread/WARN]: Can't keep up! Did the system time change, or is the server overloaded? Running 3012ms behind, skipping 60 tick(s)
[15:43:05] [Server thread/WARN]: Can't keep up! Did the system time change, or is the server overloaded? Running 2674ms behind, skipping 53 tick(s)
[15:43:25] [Server thread/INFO]: Saving and pausing game...
[15:43:25] [Server thread/INFO]: Saving chunks for level 'Screenshots'/Overworld
[15:43:26] [Server thread/INFO]: Saving chunks for level 'Screenshots'/Nether
[15:43:26] [Server thread/INFO]: Saving chunks for level 'Screenshots'/The End
[15:43:26] [Server thread/INFO]: Stopping server
[15:43:26] [Server thread/INFO]: Saving players
[15:43:26] [Server thread/INFO]: Johnr1227 lost connection: TextComponent{text='Disconnected', siblings=[], style=Style{hasParent=false, color=null, bold=null, italic=null, underlined=null, obfuscated=null, clickEvent=null, hoverEvent=null, insertion=null}}
[15:43:26] [Server thread/INFO]: Johnr1227 left the game
[15:43:26] [Server thread/INFO]: Stopping singleplayer server as player logged out
[15:43:26] [Server thread/INFO]: Saving worlds
[15:43:26] [Server thread/INFO]: Saving chunks for level 'Screenshots'/Overworld
[15:43:26] [Server thread/INFO]: Saving chunks for level 'Screenshots'/Nether
[15:43:26] [Server thread/INFO]: Saving chunks for level 'Screenshots'/The End
[15:43:30] [Client thread/INFO]: Stopping!
[15:43:30] [Client thread/INFO]: SoundSystem shutting down...
[15:43:30] [Client thread/WARN]: Author: Paul Lamb, www.paulscode.com
